# JRE version: OpenJDK Runtime Environment (8.0_152-b01) (build 1.8.0_152-release-915-b01)
# Java VM: OpenJDK 64-Bit Server VM (25.152-b01 mixed mode linux-amd64 compressed oops)
Heap:
 PSYoungGen      total 165888K, used 8074K [0x00000000e0000000, 0x00000000eb880000, 0x0000000100000000)
  eden space 155648K, 0% used [0x00000000e0000000,0x00000000e0000000,0x00000000e9800000)
  from space 10240K, 78% used [0x00000000ea280000,0x00000000eaa629f0,0x00000000eac80000)
  to   space 10752K, 0% used [0x00000000e9800000,0x00000000e9800000,0x00000000ea280000)
 ParOldGen       total 32256K, used 13201K [0x00000000a0000000, 0x00000000a1f80000, 0x00000000e0000000)
  object space 32256K, 40% used [0x00000000a0000000,0x00000000a0ce4580,0x00000000a1f80000)
 Metaspace       used 34588K, capacity 35360K, committed 35416K, reserved 1079296K
  class space    used 4667K, capacity 4960K, committed 4992K, reserved 1048576K
GC Heap History (10 events):
Event: 9.566 GC heap after
Heap after GC invocations=7 (full 0):
 PSYoungGen      total 68608K, used 4533K [0x00000000e0000000, 0x00000000e8500000, 0x0000000100000000)
  eden space 59904K, 0% used [0x00000000e0000000,0x00000000e0000000,0x00000000e3a80000)
  from space 8704K, 52% used [0x00000000e3a80000,0x00000000e3eed4f0,0x00000000e4300000)
  to   space 8192K, 0% used [0x00000000e7d00000,0x00000000e7d00000,0x00000000e8500000)
 ParOldGen       total 40960K, used 8619K [0x00000000a0000000, 0x00000000a2800000, 0x00000000e0000000)
  object space 40960K, 21% used [0x00000000a0000000,0x00000000a086ad68,0x00000000a2800000)
 Metaspace       used 20733K, capacity 21142K, committed 21248K, reserved 1067008K
  class space    used 2879K, capacity 3066K, committed 3072K, reserved 1048576K
}
Event: 9.566 GC heap before
{Heap before GC invocations=8 (full 1):
 PSYoungGen      total 68608K, used 4533K [0x00000000e0000000, 0x00000000e8500000, 0x0000000100000000)
  eden space 59904K, 0% used [0x00000000e0000000,0x00000000e0000000,0x00000000e3a80000)
  from space 8704K, 52% used [0x00000000e3a80000,0x00000000e3eed4f0,0x00000000e4300000)
  to   space 8192K, 0% used [0x00000000e7d00000,0x00000000e7d00000,0x00000000e8500000)
 ParOldGen       total 40960K, used 8619K [0x00000000a0000000, 0x00000000a2800000, 0x00000000e0000000)
  object space 40960K, 21% used [0x00000000a0000000,0x00000000a086ad68,0x00000000a2800000)
 Metaspace       used 20733K, capacity 21142K, committed 21248K, reserved 1067008K
  class space    used 2879K, capacity 3066K, committed 3072K, reserved 1048576K
Event: 9.665 GC heap after
Heap after GC invocations=8 (full 1):
 PSYoungGen      total 68608K, used 0K [0x00000000e0000000, 0x00000000e8500000, 0x0000000100000000)
  eden space 59904K, 0% used [0x00000000e0000000,0x00000000e0000000,0x00000000e3a80000)
  from space 8704K, 0% used [0x00000000e3a80000,0x00000000e3a80000,0x00000000e4300000)
  to   space 8192K, 0% used [0x00000000e7d00000,0x00000000e7d00000,0x00000000e8500000)
 ParOldGen       total 32256K, used 9876K [0x00000000a0000000, 0x00000000a1f80000, 0x00000000e0000000)
  object space 32256K, 30% used [0x00000000a0000000,0x00000000a09a52c8,0x00000000a1f80000)
 Metaspace       used 20733K, capacity 21142K, committed 21248K, reserved 1067008K
  class space    used 2879K, capacity 3066K, committed 3072K, reserved 1048576K
}
Event: 11.595 GC heap before
{Heap before GC invocations=9 (full 1):
 PSYoungGen      total 68608K, used 59904K [0x00000000e0000000, 0x00000000e8500000, 0x0000000100000000)
  eden space 59904K, 100% used [0x00000000e0000000,0x00000000e3a80000,0x00000000e3a80000)
  from space 8704K, 0% used [0x00000000e3a80000,0x00000000e3a80000,0x00000000e4300000)
  to   space 8192K, 0% used [0x00000000e7d00000,0x00000000e7d00000,0x00000000e8500000)
 ParOldGen       total 32256K, used 9876K [0x00000000a0000000, 0x00000000a1f80000, 0x00000000e0000000)
  object space 32256K, 30% used [0x00000000a0000000,0x00000000a09a52c8,0x00000000a1f80000)
 Metaspace       used 25745K, capacity 26284K, committed 26496K, reserved 1073152K
  class space    used 3507K, capacity 3685K, committed 3712K, reserved 1048576K
Event: 11.612 GC heap after
Heap after GC invocations=9 (full 1):
 PSYoungGen      total 113664K, used 5998K [0x00000000e0000000, 0x00000000e8300000, 0x0000000100000000)
  eden space 107520K, 0% used [0x00000000e0000000,0x00000000e0000000,0x00000000e6900000)
  from space 6144K, 97% used [0x00000000e7d00000,0x00000000e82db810,0x00000000e8300000)
  to   space 8704K, 0% used [0x00000000e7200000,0x00000000e7200000,0x00000000e7a80000)
 ParOldGen       total 32256K, used 9884K [0x00000000a0000000, 0x00000000a1f80000, 0x00000000e0000000)
  object space 32256K, 30% used [0x00000000a0000000,0x00000000a09a72c8,0x00000000a1f80000)
 Metaspace       used 25745K, capacity 26284K, committed 26496K, reserved 1073152K
  class space    used 3507K, capacity 3685K, committed 3712K, reserved 1048576K
}
Event: 17.194 GC heap before
{Heap before GC invocations=10 (full 1):
 PSYoungGen      total 113664K, used 113518K [0x00000000e0000000, 0x00000000e8300000, 0x0000000100000000)
  eden space 107520K, 100% used [0x00000000e0000000,0x00000000e6900000,0x00000000e6900000)
  from space 6144K, 97% used [0x00000000e7d00000,0x00000000e82db810,0x00000000e8300000)
  to   space 8704K, 0% used [0x00000000e7200000,0x00000000e7200000,0x00000000e7a80000)
 ParOldGen       total 32256K, used 9884K [0x00000000a0000000, 0x00000000a1f80000, 0x00000000e0000000)
  object space 32256K, 30% used [0x00000000a0000000,0x00000000a09a72c8,0x00000000a1f80000)
 Metaspace       used 31350K, capacity 31976K, committed 32256K, reserved 1077248K
  class space    used 4297K, capacity 4579K, committed 4608K, reserved 1048576K
Event: 17.229 GC heap after
Heap after GC invocations=10 (full 1):
 PSYoungGen      total 125440K, used 8689K [0x00000000e0000000, 0x00000000eac80000, 0x0000000100000000)
  eden space 116736K, 0% used [0x00000000e0000000,0x00000000e0000000,0x00000000e7200000)
  from space 8704K, 99% used [0x00000000e7200000,0x00000000e7a7c6f8,0x00000000e7a80000)
  to   space 10240K, 0% used [0x00000000ea280000,0x00000000ea280000,0x00000000eac80000)
 ParOldGen       total 32256K, used 10776K [0x00000000a0000000, 0x00000000a1f80000, 0x00000000e0000000)
  object space 32256K, 33% used [0x00000000a0000000,0x00000000a0a86270,0x00000000a1f80000)
 Metaspace       used 31350K, capacity 31976K, committed 32256K, reserved 1077248K
  class space    used 4297K, capacity 4579K, committed 4608K, reserved 1048576K
}
Event: 19.210 GC heap before
{Heap before GC invocations=11 (full 1):
 PSYoungGen      total 125440K, used 39776K [0x00000000e0000000, 0x00000000eac80000, 0x0000000100000000)
  eden space 116736K, 26% used [0x00000000e0000000,0x00000000e1e5baa8,0x00000000e7200000)
  from space 8704K, 99% used [0x00000000e7200000,0x00000000e7a7c6f8,0x00000000e7a80000)
  to   space 10240K, 0% used [0x00000000ea280000,0x00000000ea280000,0x00000000eac80000)
 ParOldGen       total 32256K, used 10776K [0x00000000a0000000, 0x00000000a1f80000, 0x00000000e0000000)
  object space 32256K, 33% used [0x00000000a0000000,0x00000000a0a86270,0x00000000a1f80000)
 Metaspace       used 34588K, capacity 35360K, committed 35416K, reserved 1079296K
  class space    used 4667K, capacity 4960K, committed 4992K, reserved 1048576K
Event: 19.233 GC heap after
Heap after GC invocations=11 (full 1):
 PSYoungGen      total 165888K, used 8074K [0x00000000e0000000, 0x00000000eb880000, 0x0000000100000000)
  eden space 155648K, 0% used [0x00000000e0000000,0x00000000e0000000,0x00000000e9800000)
  from space 10240K, 78% used [0x00000000ea280000,0x00000000eaa629f0,0x00000000eac80000)
  to   space 10752K, 0% used [0x00000000e9800000,0x00000000e9800000,0x00000000ea280000)
 ParOldGen       total 32256K, used 13201K [0x00000000a0000000, 0x00000000a1f80000, 0x00000000e0000000)
  object space 32256K, 40% used [0x00000000a0000000,0x00000000a0ce4580,0x00000000a1f80000)
 Metaspace       used 34588K, capacity 35360K, committed 35416K, reserved 1079296K
  class space    used 4667K, capacity 4960K, committed 4992K, reserved 1048576K
}
Event: 19.233 GC heap before
{Heap before GC invocations=12 (full 2):
 PSYoungGen      total 165888K, used 8074K [0x00000000e0000000, 0x00000000eb880000, 0x0000000100000000)
  eden space 155648K, 0% used [0x00000000e0000000,0x00000000e0000000,0x00000000e9800000)
  from space 10240K, 78% used [0x00000000ea280000,0x00000000eaa629f0,0x00000000eac80000)
  to   space 10752K, 0% used [0x00000000e9800000,0x00000000e9800000,0x00000000ea280000)
 ParOldGen       total 32256K, used 13201K [0x00000000a0000000, 0x00000000a1f80000, 0x00000000e0000000)
  object space 32256K, 40% used [0x00000000a0000000,0x00000000a0ce4580,0x00000000a1f80000)
 Metaspace       used 34588K, capacity 35360K, committed 35416K, reserved 1079296K
  class space    used 4667K, capacity 4960K, committed 4992K, reserved 1048576K

